<?xml version="1.0" encoding="UTF-8"?>
<testng-results ignored="1" total="3" passed="2" failed="0" skipped="0">
  <reporter-output>
  </reporter-output>
  <suite started-at="2020-03-23T13:06:44 EET" name="Default suite" finished-at="2020-03-23T13:07:07 EET" duration-ms="23084">
    <groups>
    </groups>
    <test started-at="2020-03-23T13:06:44 EET" name="Default test" finished-at="2020-03-23T13:07:07 EET" duration-ms="23084">
      <class name="tests.UserRegistration_Test">
        <test-method is-config="true" signature="StartDriver(java.lang.String)[pri:0, instance:tests.UserRegistration_Test@15b204a1]" started-at="2020-03-23T13:06:36 EET" name="StartDriver" finished-at="2020-03-23T13:06:44 EET" duration-ms="8845" status="PASS">
          <params>
            <param index="0">
              <value>
                <![CDATA[headless]]>
              </value>
            </param>
          </params>
          <reporter-output>
          </reporter-output>
        </test-method> <!-- StartDriver -->
        <test-method signature="SuccessfullyRegister(java.lang.String, java.lang.String, java.lang.String, java.lang.String)[pri:0, instance:tests.UserRegistration_Test@15b204a1]" started-at="2020-03-23T13:06:44 EET" name="SuccessfullyRegister" data-provider="testData1" finished-at="2020-03-23T13:06:58 EET" duration-ms="13957" status="PASS">
          <params>
            <param index="0">
              <value>
                <![CDATA[Mohamed]]>
              </value>
            </param>
            <param index="1">
              <value>
                <![CDATA[Ahmed]]>
              </value>
            </param>
            <param index="2">
              <value>
                <![CDATA[moha1111e232436954@gmail.com]]>
              </value>
            </param>
            <param index="3">
              <value>
                <![CDATA[123456]]>
              </value>
            </param>
          </params>
          <reporter-output>
          </reporter-output>
        </test-method> <!-- SuccessfullyRegister -->
        <test-method signature="SuccessfullyRegister(java.lang.String, java.lang.String, java.lang.String, java.lang.String)[pri:0, instance:tests.UserRegistration_Test@15b204a1]" started-at="2020-03-23T13:06:58 EET" name="SuccessfullyRegister" data-provider="testData1" finished-at="2020-03-23T13:07:07 EET" duration-ms="9086" status="PASS">
          <params>
            <param index="0">
              <value>
                <![CDATA[Mohamed]]>
              </value>
            </param>
            <param index="1">
              <value>
                <![CDATA[Ahmed]]>
              </value>
            </param>
            <param index="2">
              <value>
                <![CDATA[moha322122633424333954@gmail.com]]>
              </value>
            </param>
            <param index="3">
              <value>
                <![CDATA[123456]]>
              </value>
            </param>
          </params>
          <reporter-output>
          </reporter-output>
        </test-method> <!-- SuccessfullyRegister -->
        <test-method is-config="true" signature="StopDriver()[pri:0, instance:tests.UserRegistration_Test@15b204a1]" started-at="2020-03-23T13:07:08 EET" name="StopDriver" finished-at="2020-03-23T13:07:08 EET" duration-ms="6" status="PASS">
          <reporter-output>
          </reporter-output>
        </test-method> <!-- StopDriver -->
      </class> <!-- tests.UserRegistration_Test -->
    </test> <!-- Default test -->
  </suite> <!-- Default suite -->
</testng-results>
