<?xml version="1.0" encoding="UTF-8"?>
<!-- Generated by org.testng.reporters.JUnitXMLReporter -->
<testsuite ignored="1" hostname="DESKTOP-66DS3TN" failures="0" tests="2" name="Registration Test" time="23.689" errors="0" timestamp="2020-03-23T13:44:56 EET">
  <testcase classname="tests.UserRegistration_Test" name="SuccessfullyRegister" time="12.463"/>
  <testcase classname="tests.UserRegistration_Test" name="SuccessfullyRegister" time="11.176"/>
  <testcase classname="tests.UserRegistration_Test" name="UserLoginSucceffully" time="0.0">
    <ignored/>
  </testcase> <!-- UserLoginSucceffully -->
</testsuite> <!-- Registration Test -->
