<?xml version="1.0" encoding="UTF-8"?>
<!-- Generated by org.testng.reporters.JUnitXMLReporter -->
<testsuite ignored="1" hostname="DESKTOP-66DS3TN" failures="0" tests="2" name="Registration Test" time="0.071" errors="0" timestamp="2020-03-24T22:33:09 EET">
  <testcase classname="tests.TestBase" name="@BeforeSuite StartDriver" time="0.023">
    <failure type="java.lang.NullPointerException">
      <![CDATA[java.lang.NullPointerException
at tests.TestBase.StartDriver(TestBase.java:70)
... Removed 19 stack frames]]>
    </failure>
  </testcase> <!-- @BeforeSuite StartDriver -->
  <testcase classname="tests.UserRegistration_Test" name="SuccessfullyRegister" time="0.0">
    <skipped/>
  </testcase> <!-- SuccessfullyRegister -->
  <testcase classname="tests.UserRegistration_Test" name="SuccessfullyRegister" time="0.0">
    <skipped/>
  </testcase> <!-- SuccessfullyRegister -->
  <testcase classname="tests.UserRegistration_Test" name="UserLoginSucceffully" time="0.0">
    <ignored/>
  </testcase> <!-- UserLoginSucceffully -->
</testsuite> <!-- Registration Test -->
