<?xml version="1.0" encoding="UTF-8"?>
<!-- Generated by org.testng.reporters.JUnitXMLReporter -->
<testsuite ignored="1" hostname="DESKTOP-66DS3TN" failures="0" tests="2" name="Default test" time="23.084" errors="0" timestamp="2020-03-23T13:07:07 EET">
  <testcase classname="tests.UserRegistration_Test" name="SuccessfullyRegister" time="13.957"/>
  <testcase classname="tests.UserRegistration_Test" name="SuccessfullyRegister" time="9.086"/>
  <testcase classname="tests.UserRegistration_Test" name="UserLoginSucceffully" time="0.0">
    <ignored/>
  </testcase> <!-- UserLoginSucceffully -->
</testsuite> <!-- Default test -->
