<?xml version="1.0" encoding="UTF-8"?>
<testng-results ignored="0" total="1" passed="1" failed="0" skipped="0">
  <reporter-output>
  </reporter-output>
  <suite started-at="2020-03-26T02:51:12 EET" name="NopCommerce Regression Suite" finished-at="2020-03-26T02:51:47 EET" duration-ms="35215">
    <groups>
    </groups>
    <test started-at="2020-03-26T02:51:12 EET" name="FireFox Registration Test" finished-at="2020-03-26T02:51:47 EET" duration-ms="35215">
      <class name="tests.UserRegistrationParallelTesting">
        <test-method is-config="true" signature="setUp(java.lang.String)[pri:0, instance:tests.UserRegistrationParallelTesting@229d10bd]" started-at="2020-03-26T02:51:12 EET" name="setUp" finished-at="2020-03-26T02:51:34 EET" duration-ms="21470" status="PASS">
          <params>
            <param index="0">
              <value>
                <![CDATA[firefox]]>
              </value>
            </param>
          </params>
          <reporter-output>
          </reporter-output>
        </test-method> <!-- setUp -->
        <test-method signature="SuccessfullyRegister(java.lang.String, java.lang.String, java.lang.String, java.lang.String)[pri:0, instance:tests.UserRegistrationParallelTesting@229d10bd]" started-at="2020-03-26T02:51:34 EET" name="SuccessfullyRegister" data-provider="testData1" finished-at="2020-03-26T02:51:43 EET" duration-ms="9756" status="PASS">
          <params>
            <param index="0">
              <value>
                <![CDATA[Mohamed]]>
              </value>
            </param>
            <param index="1">
              <value>
                <![CDATA[Ahmed]]>
              </value>
            </param>
            <param index="2">
              <value>
                <![CDATA[moh111e11r224@gmail.com]]>
              </value>
            </param>
            <param index="3">
              <value>
                <![CDATA[123456]]>
              </value>
            </param>
          </params>
          <reporter-output>
          </reporter-output>
        </test-method> <!-- SuccessfullyRegister -->
        <test-method is-config="true" signature="screemshots(org.testng.ITestResult)[pri:0, instance:tests.UserRegistrationParallelTesting@229d10bd]" started-at="2020-03-26T02:51:43 EET" name="screemshots" finished-at="2020-03-26T02:51:43 EET" duration-ms="0" status="PASS">
          <params>
            <param index="0">
              <value>
                <![CDATA[[TestResult name=SuccessfullyRegister status=SUCCESS method=UserRegistrationParallelTesting.SuccessfullyRegister(java.lang.String, java.lang.String, java.lang.String, java.lang.String)[pri:0, instance:tests.UserRegistrationParallelTesting@229d10bd] output={null}]]]>
              </value>
            </param>
          </params>
          <reporter-output>
          </reporter-output>
        </test-method> <!-- screemshots -->
        <test-method is-config="true" signature="stop()[pri:0, instance:tests.UserRegistrationParallelTesting@229d10bd]" started-at="2020-03-26T02:51:43 EET" name="stop" finished-at="2020-03-26T02:51:47 EET" duration-ms="3935" status="PASS">
          <reporter-output>
          </reporter-output>
        </test-method> <!-- stop -->
      </class> <!-- tests.UserRegistrationParallelTesting -->
    </test> <!-- FireFox Registration Test -->
  </suite> <!-- NopCommerce Regression Suite -->
</testng-results>
