<?xml version="1.0" encoding="UTF-8"?>
<testng-results ignored="1" total="3" passed="2" failed="0" skipped="0">
  <reporter-output>
  </reporter-output>
  <suite started-at="2020-03-23T13:44:32 EET" name="NopCommerce Regression Suite" finished-at="2020-03-23T13:44:56 EET" duration-ms="23689">
    <groups>
    </groups>
    <test started-at="2020-03-23T13:44:32 EET" name="Registration Test" finished-at="2020-03-23T13:44:56 EET" duration-ms="23689">
      <class name="tests.UserRegistration_Test">
        <test-method is-config="true" signature="StartDriver(java.lang.String)[pri:0, instance:tests.UserRegistration_Test@6ce139a4]" started-at="2020-03-23T13:44:15 EET" name="StartDriver" finished-at="2020-03-23T13:44:32 EET" duration-ms="16852" status="PASS">
          <params>
            <param index="0">
              <value>
                <![CDATA[chrome-headless]]>
              </value>
            </param>
          </params>
          <reporter-output>
          </reporter-output>
        </test-method> <!-- StartDriver -->
        <test-method signature="SuccessfullyRegister(java.lang.String, java.lang.String, java.lang.String, java.lang.String)[pri:0, instance:tests.UserRegistration_Test@6ce139a4]" started-at="2020-03-23T13:44:32 EET" name="SuccessfullyRegister" data-provider="testData1" finished-at="2020-03-23T13:44:45 EET" duration-ms="12463" status="PASS">
          <params>
            <param index="0">
              <value>
                <![CDATA[Mohamed]]>
              </value>
            </param>
            <param index="1">
              <value>
                <![CDATA[Ahmed]]>
              </value>
            </param>
            <param index="2">
              <value>
                <![CDATA[moha112211e232436954@gmail.com]]>
              </value>
            </param>
            <param index="3">
              <value>
                <![CDATA[123456]]>
              </value>
            </param>
          </params>
          <reporter-output>
          </reporter-output>
        </test-method> <!-- SuccessfullyRegister -->
        <test-method signature="SuccessfullyRegister(java.lang.String, java.lang.String, java.lang.String, java.lang.String)[pri:0, instance:tests.UserRegistration_Test@6ce139a4]" started-at="2020-03-23T13:44:45 EET" name="SuccessfullyRegister" data-provider="testData1" finished-at="2020-03-23T13:44:56 EET" duration-ms="11176" status="PASS">
          <params>
            <param index="0">
              <value>
                <![CDATA[Mohamed]]>
              </value>
            </param>
            <param index="1">
              <value>
                <![CDATA[Ahmed]]>
              </value>
            </param>
            <param index="2">
              <value>
                <![CDATA[moha32212222633424333954@gmail.com]]>
              </value>
            </param>
            <param index="3">
              <value>
                <![CDATA[123456]]>
              </value>
            </param>
          </params>
          <reporter-output>
          </reporter-output>
        </test-method> <!-- SuccessfullyRegister -->
        <test-method is-config="true" signature="StopDriver()[pri:0, instance:tests.UserRegistration_Test@6ce139a4]" started-at="2020-03-23T13:44:56 EET" name="StopDriver" finished-at="2020-03-23T13:44:56 EET" duration-ms="59" status="PASS">
          <reporter-output>
          </reporter-output>
        </test-method> <!-- StopDriver -->
      </class> <!-- tests.UserRegistration_Test -->
    </test> <!-- Registration Test -->
  </suite> <!-- NopCommerce Regression Suite -->
</testng-results>
